2024-04-20 16:43:16,439 - orangeHrm -INFO - chrome Browser Launched..
2024-04-20 16:43:17,215 - orangeHrm -INFO - orangeHrm Launched successfull...
2024-04-20 16:43:17,822 - orangeHrm -INFO - browser closed....
2024-04-20 16:44:40,982 - orangeHrm -INFO - chrome Browser Launched..
2024-04-20 16:44:41,764 - orangeHrm -INFO - orangeHrm Launched successfull...
2024-04-20 16:44:42,019 - orangeHrm -INFO - browser closed....
2024-04-20 16:46:01,300 - orangeHrm -INFO - chrome Browser Launched..
2024-04-20 16:46:02,126 - orangeHrm -INFO - orangeHrm Launched successfull...
2024-04-20 16:46:08,607 - orangeHrm -INFO - Enterd userName & password..
2024-04-20 16:46:08,617 - orangeHrm -INFO - browser closed....
2024-04-20 16:48:27,453 - orangeHrm -INFO - chrome Browser Launched..
2024-04-20 16:48:28,579 - orangeHrm -INFO - orangeHrm Launched successfull...
2024-04-20 16:48:28,871 - orangeHrm -INFO - logo is isDisplayed..
2024-04-20 16:48:28,958 - orangeHrm -INFO - LoginPanel text is printed..
2024-04-20 16:48:34,420 - orangeHrm -INFO - Enterd userName & password..
2024-04-20 16:48:34,421 - orangeHrm -INFO - browser closed....
2024-04-20 16:50:14,358 - orangeHrm -INFO - chrome Browser Launched..
2024-04-20 16:50:15,043 - orangeHrm -INFO - orangeHrm Launched successfull...
2024-04-20 16:50:15,358 - orangeHrm -INFO - logo is isDisplayed..
2024-04-20 16:50:15,428 - orangeHrm -INFO - LoginPanel text is printed..
2024-04-20 16:50:20,656 - orangeHrm -INFO - Enterd userName & password..
2024-04-20 16:50:21,001 - orangeHrm -INFO - browser closed....
2024-04-20 17:39:39,024 - orangeHrm -INFO - chrome Browser Launched..
2024-04-20 17:39:39,939 - orangeHrm -INFO - orangeHrm Launched successfull...
2024-04-20 17:39:46,831 - orangeHrm -INFO - browser closed....
2024-04-20 17:52:55,911 - orangeHrm -INFO - chrome Browser Launched..
2024-04-20 17:52:58,065 - orangeHrm -INFO - orangeHrm Launched successfull...
2024-04-20 17:53:03,938 - orangeHrm -INFO - browser closed....
2024-04-20 21:50:42,596 - orangeHrm -INFO - chrome Browser Launched..
2024-04-20 21:50:50,487 - orangeHrm -INFO - orangeHrm Launched successfull...
2024-04-20 21:51:04,254 - orangeHrm -INFO - browser closed....
2024-04-20 23:13:17,280 - orangeHrm -INFO - chrome Browser Launched..
2024-04-20 23:13:18,259 - orangeHrm -INFO - orangeHrm Launched successfull...
2024-04-20 23:13:30,642 - orangeHrm -INFO - browser closed....
2024-04-20 23:13:54,443 - orangeHrm -INFO - chrome Browser Launched..
2024-04-20 23:13:55,035 - orangeHrm -INFO - orangeHrm Launched successfull...
2024-04-20 23:14:19,366 - orangeHrm -INFO - browser closed....
2024-04-20 23:15:28,047 - orangeHrm -INFO - chrome Browser Launched..
2024-04-20 23:15:28,730 - orangeHrm -INFO - orangeHrm Launched successfull...
2024-04-20 23:15:44,250 - orangeHrm -INFO - browser closed....
2024-04-20 23:16:47,916 - orangeHrm -INFO - chrome Browser Launched..
2024-04-20 23:16:49,197 - orangeHrm -INFO - orangeHrm Launched successfull...
2024-04-20 23:16:59,778 - orangeHrm -INFO - browser closed....
2024-04-21 10:02:19,102 - orangeHrm -INFO - chrome Browser Launched..
2024-04-21 10:02:20,344 - orangeHrm -INFO - orangeHrm Launched successfull...
2024-04-21 10:02:26,406 - orangeHrm -INFO - Entered userName & Password...
2024-04-21 10:02:29,985 - orangeHrm -INFO - clicked on addEmployee...
2024-04-21 10:02:29,993 - orangeHrm -INFO - browser closed....
2024-04-21 10:03:19,597 - orangeHrm -INFO - chrome Browser Launched..
2024-04-21 10:03:20,199 - orangeHrm -INFO - orangeHrm Launched successfull...
2024-04-21 10:03:25,728 - orangeHrm -INFO - Entered userName & Password...
2024-04-21 10:03:29,120 - orangeHrm -INFO - clicked on addEmployee...
2024-04-21 10:03:29,420 - orangeHrm -INFO - browser closed....
2024-04-21 10:06:36,132 - orangeHrm -INFO - chrome Browser Launched..
2024-04-21 10:06:37,040 - orangeHrm -INFO - orangeHrm Launched successfull...
2024-04-21 10:06:37,354 - orangeHrm -INFO - logo is isDisplayed..
2024-04-21 10:06:37,398 - orangeHrm -INFO - LoginPanel text is printed..
2024-04-21 10:06:42,987 - orangeHrm -INFO - Enterd userName & password..
2024-04-21 10:06:43,401 - orangeHrm -INFO - browser closed....
2024-04-21 10:06:45,844 - orangeHrm -INFO - chrome Browser Launched..
2024-04-21 10:06:46,530 - orangeHrm -INFO - orangeHrm Launched successfull...
2024-04-21 10:06:52,036 - orangeHrm -INFO - browser closed....
2024-04-21 10:06:54,987 - orangeHrm -INFO - chrome Browser Launched..
2024-04-21 10:06:55,794 - orangeHrm -INFO - orangeHrm Launched successfull...
2024-04-21 10:07:01,684 - orangeHrm -INFO - Entered userName & Password...
2024-04-21 10:07:05,324 - orangeHrm -INFO - clicked on addEmployee...
2024-04-21 10:07:05,611 - orangeHrm -INFO - browser closed....
2024-04-21 10:18:17,216 - orangeHrm -INFO - chrome Browser Launched..
2024-04-21 10:18:17,757 - orangeHrm -INFO - orangeHrm Launched successfull...
2024-04-21 10:18:23,013 - orangeHrm -INFO - Entered userName & Password...
2024-04-21 10:18:26,534 - orangeHrm -INFO - clicked on addEmployee...
2024-04-21 10:18:26,911 - orangeHrm -INFO - Enter employeeDetails...
2024-04-21 10:18:27,216 - orangeHrm -INFO - browser closed....
2024-04-21 10:19:27,434 - orangeHrm -INFO - chrome Browser Launched..
2024-04-21 10:19:28,030 - orangeHrm -INFO - orangeHrm Launched successfull...
2024-04-21 10:19:33,697 - orangeHrm -INFO - Entered userName & Password...
2024-04-21 10:19:37,218 - orangeHrm -INFO - clicked on addEmployee...
2024-04-21 10:19:37,743 - orangeHrm -INFO - Enter employeeDetails...
2024-04-21 10:19:37,747 - orangeHrm -INFO - browser closed....
2024-04-21 10:33:54,622 - orangeHrm -INFO - chrome Browser Launched..
2024-04-21 10:33:55,777 - orangeHrm -INFO - orangeHrm Launched successfull...
2024-04-21 10:34:01,653 - orangeHrm -INFO - Entered userName & Password...
2024-04-21 10:34:05,330 - orangeHrm -INFO - clicked on addEmployee...
2024-04-21 10:34:06,445 - orangeHrm -INFO - Enter employeeDetails...
2024-04-21 10:34:08,562 - orangeHrm -INFO - browser closed....
2024-04-21 10:37:27,591 - orangeHrm -INFO - chrome Browser Launched..
2024-04-21 10:37:28,345 - orangeHrm -INFO - orangeHrm Launched successfull...
2024-04-21 10:37:33,958 - orangeHrm -INFO - Entered userName & Password...
2024-04-21 10:37:37,766 - orangeHrm -INFO - clicked on addEmployee...
2024-04-21 10:37:38,252 - orangeHrm -INFO - Enter employeeDetails...
2024-04-21 10:37:46,589 - orangeHrm -INFO - browser closed....
2024-04-21 10:40:23,874 - orangeHrm -INFO - chrome Browser Launched..
2024-04-21 10:40:25,580 - orangeHrm -INFO - orangeHrm Launched successfull...
2024-04-21 10:40:33,887 - orangeHrm -INFO - Entered userName & Password...
2024-04-21 10:40:37,869 - orangeHrm -INFO - clicked on addEmployee...
2024-04-21 10:40:38,724 - orangeHrm -INFO - Enter employeeDetails...
2024-04-21 10:40:47,459 - orangeHrm -INFO - browser closed....
2024-04-21 11:01:23,016 - orangeHrm -INFO - chrome Browser Launched..
2024-04-21 11:01:23,664 - orangeHrm -INFO - orangeHrm Launched successfull...
2024-04-21 11:01:33,568 - orangeHrm -INFO - browser closed....
2024-04-21 11:02:08,203 - orangeHrm -INFO - chrome Browser Launched..
2024-04-21 11:02:09,145 - orangeHrm -INFO - orangeHrm Launched successfull...
2024-04-21 11:02:18,120 - orangeHrm -INFO - browser closed....
2024-04-21 11:21:56,209 - orangeHrm -INFO - chrome Browser Launched..
2024-04-21 11:21:57,660 - orangeHrm -INFO - orangeHrm Launched successfull...
2024-04-21 11:22:08,533 - orangeHrm -INFO - browser closed....
2024-04-21 11:23:57,819 - orangeHrm -INFO - chrome Browser Launched..
2024-04-21 11:23:58,772 - orangeHrm -INFO - orangeHrm Launched successfull...
2024-04-21 11:24:04,323 - orangeHrm -INFO - entered uname & Pssword..
2024-04-21 11:24:06,648 - orangeHrm -INFO - moved to employeeList
2024-04-21 11:24:17,325 - orangeHrm -INFO - browser closed....
2024-04-21 11:25:26,049 - orangeHrm -INFO - chrome Browser Launched..
2024-04-21 11:25:26,721 - orangeHrm -INFO - orangeHrm Launched successfull...
2024-04-21 11:25:32,335 - orangeHrm -INFO - entered uname & Pssword..
2024-04-21 11:25:34,674 - orangeHrm -INFO - moved to employeeList
2024-04-21 11:25:36,298 - orangeHrm -INFO - clicked on employeelist..
2024-04-21 11:25:36,563 - orangeHrm -INFO - browser closed....
2024-04-21 14:25:08,436 - orangeHrm -INFO - chrome Browser Launched..
2024-04-21 14:25:10,078 - orangeHrm -INFO - orangeHrm Launched successfull...
2024-04-21 14:25:10,430 - orangeHrm -INFO - logo is isDisplayed..
2024-04-21 14:25:10,474 - orangeHrm -INFO - LoginPanel text is printed..
2024-04-21 14:25:16,759 - orangeHrm -INFO - Enterd userName & password..
2024-04-21 14:25:17,160 - orangeHrm -INFO - browser closed....
2024-04-21 14:25:20,061 - orangeHrm -INFO - chrome Browser Launched..
2024-04-21 14:25:21,434 - orangeHrm -INFO - orangeHrm Launched successfull...
2024-04-21 14:25:27,865 - orangeHrm -INFO - browser closed....
2024-04-21 14:25:31,104 - orangeHrm -INFO - chrome Browser Launched..
2024-04-21 14:25:31,912 - orangeHrm -INFO - orangeHrm Launched successfull...
2024-04-21 14:25:37,379 - orangeHrm -INFO - Entered userName & Password...
2024-04-21 14:25:40,683 - orangeHrm -INFO - clicked on addEmployee...
2024-04-21 14:25:41,083 - orangeHrm -INFO - Enter employeeDetails...
2024-04-21 14:25:46,987 - orangeHrm -INFO - browser closed....
2024-04-21 14:25:50,790 - orangeHrm -INFO - chrome Browser Launched..
2024-04-21 14:25:51,517 - orangeHrm -INFO - orangeHrm Launched successfull...
2024-04-21 14:25:57,156 - orangeHrm -INFO - entered uname & Pssword..
2024-04-21 14:25:59,447 - orangeHrm -INFO - moved to employeeList
2024-04-21 14:26:01,176 - orangeHrm -INFO - clicked on employeelist..
2024-04-21 14:26:01,518 - orangeHrm -INFO - browser closed....
2024-04-21 14:31:53,755 - orangeHrm -INFO - chrome Browser Launched..
2024-04-21 14:31:53,755 - orangeHrm -INFO - chrome Browser Launched..
2024-04-21 14:31:54,536 - orangeHrm -INFO - orangeHrm Launched successfull...
2024-04-21 14:31:55,117 - orangeHrm -INFO - orangeHrm Launched successfull...
2024-04-21 14:31:55,643 - orangeHrm -INFO - logo is isDisplayed..
2024-04-21 14:31:56,249 - orangeHrm -INFO - LoginPanel text is printed..
2024-04-21 14:31:59,525 - orangeHrm -INFO - Enterd userName & password..
2024-04-21 14:32:09,891 - orangeHrm -INFO - browser closed....
2024-04-21 14:32:09,891 - orangeHrm -INFO - browser closed....
2024-04-21 17:41:52,890 - orangeHrm -INFO - chrome Browser Launched..
2024-04-21 17:41:58,677 - orangeHrm -INFO - orangeHrm Launched successfull...
2024-04-21 17:41:58,891 - orangeHrm -INFO - logo is isDisplayed..
2024-04-21 17:41:58,925 - orangeHrm -INFO - LoginPanel text is printed..
2024-04-21 17:42:05,928 - orangeHrm -INFO - Enterd userName & password..
2024-04-21 17:42:06,277 - orangeHrm -INFO - browser closed....
2024-04-21 19:44:47,431 - orangeHrm -INFO - chrome Browser Launched..
2024-04-21 19:44:48,324 - orangeHrm -INFO - orangeHrm Launched successfull...
2024-04-21 19:45:01,674 - orangeHrm -INFO - browser closed....
2024-04-21 19:45:03,169 - orangeHrm -INFO - chrome Browser Launched..
2024-04-21 19:45:03,629 - orangeHrm -INFO - orangeHrm Launched successfull...
2024-04-21 19:45:16,770 - orangeHrm -INFO - browser closed....
2024-04-21 19:45:18,140 - orangeHrm -INFO - chrome Browser Launched..
2024-04-21 19:45:18,533 - orangeHrm -INFO - orangeHrm Launched successfull...
2024-04-21 19:45:31,575 - orangeHrm -INFO - browser closed....
2024-04-21 19:45:33,073 - orangeHrm -INFO - chrome Browser Launched..
2024-04-21 19:45:33,472 - orangeHrm -INFO - orangeHrm Launched successfull...
2024-04-21 19:45:47,371 - orangeHrm -INFO - browser closed....
2024-04-21 19:45:48,918 - orangeHrm -INFO - chrome Browser Launched..
2024-04-21 19:45:49,544 - orangeHrm -INFO - orangeHrm Launched successfull...
2024-04-21 19:46:02,475 - orangeHrm -INFO - browser closed....
2024-04-21 19:46:58,582 - orangeHrm -INFO - chrome Browser Launched..
2024-04-21 19:46:58,948 - orangeHrm -INFO - orangeHrm Launched successfull...
2024-04-21 19:47:12,151 - orangeHrm -INFO - browser closed....
2024-04-21 19:47:13,565 - orangeHrm -INFO - chrome Browser Launched..
2024-04-21 19:47:14,139 - orangeHrm -INFO - orangeHrm Launched successfull...
2024-04-21 19:48:33,231 - orangeHrm -INFO - chrome Browser Launched..
2024-04-21 19:48:34,002 - orangeHrm -INFO - orangeHrm Launched successfull...
2024-04-21 19:53:46,776 - orangeHrm -INFO - chrome Browser Launched..
2024-04-21 19:53:47,398 - orangeHrm -INFO - orangeHrm Launched successfull...
2024-04-21 19:53:54,152 - orangeHrm -INFO - browser closed....
2024-04-21 19:54:43,137 - orangeHrm -INFO - chrome Browser Launched..
2024-04-21 19:54:43,566 - orangeHrm -INFO - orangeHrm Launched successfull...
2024-04-21 19:54:56,593 - orangeHrm -INFO - browser closed....
2024-04-21 19:54:58,059 - orangeHrm -INFO - chrome Browser Launched..
2024-04-21 19:54:58,456 - orangeHrm -INFO - orangeHrm Launched successfull...
2024-04-21 19:55:11,408 - orangeHrm -INFO - browser closed....
2024-04-21 19:56:30,848 - orangeHrm -INFO - chrome Browser Launched..
2024-04-21 19:56:31,267 - orangeHrm -INFO - orangeHrm Launched successfull...
2024-04-21 19:56:42,448 - orangeHrm -INFO - browser closed....
2024-04-21 19:59:43,039 - orangeHrm -INFO - chrome Browser Launched..
2024-04-21 19:59:43,399 - orangeHrm -INFO - orangeHrm Launched successfull...
2024-04-21 20:00:00,061 - orangeHrm -INFO - browser closed....
2024-04-21 20:01:15,474 - orangeHrm -INFO - chrome Browser Launched..
2024-04-21 20:01:16,069 - orangeHrm -INFO - orangeHrm Launched successfull...
2024-04-21 20:01:22,714 - orangeHrm -INFO - browser closed....
2024-04-21 20:02:14,133 - orangeHrm -INFO - chrome Browser Launched..
2024-04-21 20:02:14,570 - orangeHrm -INFO - orangeHrm Launched successfull...
2024-04-21 20:02:27,575 - orangeHrm -INFO - browser closed....
2024-04-21 20:02:29,007 - orangeHrm -INFO - chrome Browser Launched..
2024-04-21 20:02:29,383 - orangeHrm -INFO - orangeHrm Launched successfull...
2024-04-21 20:02:42,282 - orangeHrm -INFO - browser closed....
2024-04-21 20:07:41,173 - orangeHrm -INFO - chrome Browser Launched..
2024-04-21 20:07:41,609 - orangeHrm -INFO - orangeHrm Launched successfull...
2024-04-21 20:07:58,799 - orangeHrm -INFO - browser closed....
2024-04-21 20:08:00,242 - orangeHrm -INFO - chrome Browser Launched..
2024-04-21 20:08:00,598 - orangeHrm -INFO - orangeHrm Launched successfull...
2024-04-21 20:08:13,534 - orangeHrm -INFO - browser closed....
2024-04-21 20:10:53,572 - orangeHrm -INFO - chrome Browser Launched..
2024-04-21 20:10:53,923 - orangeHrm -INFO - orangeHrm Launched successfull...
2024-04-21 20:11:02,318 - orangeHrm -INFO - browser closed....
2024-04-21 20:11:03,662 - orangeHrm -INFO - chrome Browser Launched..
2024-04-21 20:11:04,375 - orangeHrm -INFO - orangeHrm Launched successfull...
2024-04-21 20:11:19,269 - orangeHrm -INFO - browser closed....
2024-04-21 20:14:27,582 - orangeHrm -INFO - chrome Browser Launched..
2024-04-21 20:14:28,428 - orangeHrm -INFO - orangeHrm Launched successfull...
2024-04-21 20:14:33,961 - orangeHrm -INFO - enter u&p..
2024-04-21 20:14:36,569 - orangeHrm -INFO - loggedout..
2024-04-21 20:14:36,801 - orangeHrm -INFO - browser closed....
2024-04-21 20:14:38,322 - orangeHrm -INFO - chrome Browser Launched..
2024-04-21 20:14:38,679 - orangeHrm -INFO - orangeHrm Launched successfull...
2024-04-21 20:14:43,364 - orangeHrm -INFO - enter u&p..
2024-04-21 20:14:53,655 - orangeHrm -INFO - browser closed....
2024-04-21 21:25:19,505 - orangeHrm -INFO - chrome Browser Launched..
2024-04-21 21:25:20,869 - orangeHrm -INFO - orangeHrm Launched successfull...
2024-04-21 21:25:27,083 - orangeHrm -INFO - enter u&p..
2024-04-21 21:25:29,702 - orangeHrm -INFO - loggedout..
2024-04-21 21:25:30,025 - orangeHrm -INFO - browser closed....
2024-04-21 21:25:31,592 - orangeHrm -INFO - chrome Browser Launched..
2024-04-21 21:25:32,505 - orangeHrm -INFO - orangeHrm Launched successfull...
2024-04-21 21:25:37,320 - orangeHrm -INFO - enter u&p..
2024-04-21 21:25:47,678 - orangeHrm -INFO - browser closed....
2024-04-21 21:26:38,786 - orangeHrm -INFO - chrome Browser Launched..
2024-04-21 21:26:39,469 - orangeHrm -INFO - orangeHrm Launched successfull...
2024-04-21 21:26:45,386 - orangeHrm -INFO - enter u&p..
2024-04-21 21:26:48,081 - orangeHrm -INFO - loggedout..
2024-04-21 21:26:48,369 - orangeHrm -INFO - browser closed....
2024-04-21 21:26:49,939 - orangeHrm -INFO - chrome Browser Launched..
2024-04-21 21:26:50,501 - orangeHrm -INFO - orangeHrm Launched successfull...
2024-04-21 21:26:55,390 - orangeHrm -INFO - enter u&p..
2024-04-21 21:27:05,665 - orangeHrm -INFO - browser closed....
2024-04-21 22:14:44,744 - orangeHrm -INFO - chrome Browser Launched..
2024-04-21 22:14:46,017 - orangeHrm -INFO - orangeHrm Launched successfull...
2024-04-21 22:14:46,351 - orangeHrm -INFO - logo is isDisplayed..
2024-04-21 22:14:46,392 - orangeHrm -INFO - LoginPanel text is printed..
2024-04-21 22:14:54,410 - orangeHrm -INFO - Enterd userName & password..
2024-04-21 22:14:54,743 - orangeHrm -INFO - browser closed....
2024-04-21 22:36:17,336 - orangeHrm -INFO - chrome Browser Launched..
2024-04-21 22:36:19,327 - orangeHrm -INFO - orangeHrm Launched successfull...
2024-04-21 22:36:19,708 - orangeHrm -INFO - logo is isDisplayed..
2024-04-21 22:36:19,780 - orangeHrm -INFO - LoginPanel text is printed..
2024-04-21 22:36:29,136 - orangeHrm -INFO - Enterd userName & password..
2024-04-21 22:36:29,833 - orangeHrm -INFO - browser closed....
2024-04-21 22:39:27,421 - orangeHrm -INFO - chrome Browser Launched..
2024-04-21 22:39:28,935 - orangeHrm -INFO - orangeHrm Launched successfull...
2024-04-21 22:39:29,293 - orangeHrm -INFO - logo is isDisplayed..
2024-04-21 22:39:29,378 - orangeHrm -INFO - LoginPanel text is printed..
2024-04-21 22:39:37,166 - orangeHrm -INFO - Enterd userName & password..
2024-04-21 22:39:37,546 - orangeHrm -INFO - browser closed....
2024-04-21 22:39:40,287 - orangeHrm -INFO - chrome Browser Launched..
2024-04-21 22:39:41,185 - orangeHrm -INFO - orangeHrm Launched successfull...
2024-04-21 22:39:49,084 - orangeHrm -INFO - browser closed....
2024-04-21 23:07:47,987 - orangeHrm -INFO - chrome Browser Launched..
2024-04-21 23:07:51,121 - orangeHrm -INFO - orangeHrm Launched successfull...
2024-04-21 23:07:51,590 - orangeHrm -INFO - logo is isDisplayed..
2024-04-21 23:07:51,734 - orangeHrm -INFO - LoginPanel text is printed..
2024-04-21 23:07:59,855 - orangeHrm -INFO - Enterd userName & password..
2024-04-21 23:08:00,608 - orangeHrm -INFO - browser closed....
2024-04-21 23:08:03,967 - orangeHrm -INFO - chrome Browser Launched..
2024-04-21 23:08:04,668 - orangeHrm -INFO - orangeHrm Launched successfull...
2024-04-21 23:08:13,652 - orangeHrm -INFO - browser closed....
